<?xml version="1.0" encoding="UTF-8"?>
<testsuite xmlns:xsi="http://www.w3.org/2001/XMLSchema-instance" xsi:noNamespaceSchemaLocation="https://maven.apache.org/surefire/maven-surefire-plugin/xsd/surefire-test-report.xsd" version="3.0.2" name="com.backend.service.UsersServiceImplTest" time="0.593" tests="12" errors="0" skipped="0" failures="0" flakes="0">
  <properties>
[...]
</properties>
  <testcase name="userRegister_invalidEmail_throwsException" classname="com.backend.service.UsersServiceImplTest" time="0.07"/>
  <testcase name="resetPassword_success" classname="com.backend.service.UsersServiceImplTest" time="0.114"/>
  <testcase name="deleteUser_setsInactive" classname="com.backend.service.UsersServiceImplTest" time="0.001"/>
  <testcase name="userRegister_passwordMismatch_throwsException" classname="com.backend.service.UsersServiceImplTest" time="0.002"/>
  <testcase name="resetPassword_nullUserId_returnsFalse" classname="com.backend.service.UsersServiceImplTest" time="0.001"/>
  <testcase name="userRegister_patient_success" classname="com.backend.service.UsersServiceImplTest" time="0.063"/>
  <testcase name="userRegister_duplicateUsername_throwsException" classname="com.backend.service.UsersServiceImplTest" time="0.003"/>
  <testcase name="userLogin_userNotFound_throwsException" classname="com.backend.service.UsersServiceImplTest" time="0.002"/>
  <testcase name="userLogin_withUsername_success" classname="com.backend.service.UsersServiceImplTest" time="0.12"/>
  <testcase name="userRegister_invalidPhone_throwsException" classname="com.backend.service.UsersServiceImplTest" time="0.002"/>
  <testcase name="userLogin_withPhone_success" classname="com.backend.service.UsersServiceImplTest" time="0.105"/>
  <testcase name="userLogin_wrongPassword_throwsException" classname="com.backend.service.UsersServiceImplTest" time="0.104"/>
</testsuite>